Arguments: 
  /usr/local/bin/node /usr/local/Cellar/yarn/1.12.3/libexec/bin/yarn.js install

PATH: 
  /Users/bradjust/anaconda3/bin:/Users/bradjust/anaconda3/condabin:/Library/Frameworks/Python.framework/Versions/2.7/bin:/Library/Frameworks/Python.framework/Versions/3.6/bin:/usr/local/bin:/usr/bin:/bin:/usr/sbin:/sbin:/usr/local/share/dotnet:/Library/Frameworks/Mono.framework/Versions/Current/Commands:/Users/bradjust/Library/Android/sdk/emulator:/Users/bradjust/Library/Android/sdk/tools:/Users/bradjust/Library/Android/sdk/tools/bin:/Users/bradjust/Library/Android/sdk/platform-tools

Yarn version: 
  1.12.3

Node version: 
  8.12.0

Platform: 
  darwin x64

Trace: 
  SyntaxError: /Users/bradjust/AwesomeProject/uhpProjectWithGoogle/package.json: Unexpected string in JSON at position 423
      at JSON.parse (<anonymous>)
      at /usr/local/Cellar/yarn/1.12.3/libexec/lib/cli.js:1631:59
      at Generator.next (<anonymous>)
      at step (/usr/local/Cellar/yarn/1.12.3/libexec/lib/cli.js:304:30)
      at /usr/local/Cellar/yarn/1.12.3/libexec/lib/cli.js:315:13
      at <anonymous>

npm manifest: 
  {
    "name": "empty-project-template",
    "main": "node_modules/expo/AppEntry.js",
    "private": true,
    "scripts": {
      "start": "expo start",
      "android": "expo start --android",
      "ios": "expo start --ios",
      "eject": "expo eject"
    },
    "dependencies": {
      "@expo/vector-icons": "^8.0.0",
      "expo": "^31.0.0",
      "expo-cli": "^2.6.14",
      "global": "^4.3.2",
      "googleapis": "27",
      "react": "16.5.0"
      "react-native": "https://github.com/expo/react-native/archive/sdk-31.0.0.tar.gz",
      "react-native-elements": "^0.19.1",
      "react-native-vector-icons": "^4.4.2",
      "react-navigation": "^2.18.2"
    },
    "devDependencies": {
      "babel-preset-react-native": "^4.0.1"
    }
  }

yarn manifest: 
  No manifest

Lockfile: 
  No lockfile
